2020-09-08 03:16:02,386 - INFO - Device: cuda
2020-09-08 03:16:02,387 - INFO - Load Fields
2020-09-08 03:16:18,641 - INFO - Init the model
2020-09-08 03:16:21,274 - INFO - SeqToSeqBiLSTM(
  (encoder): EncoderLayerBiLSTM(
    (embeddings): Embedding(12097, 300)
    (lstm): LSTM(300, 256, num_layers=2, dropout=0.25, bidirectional=True)
  )
  (decoder): DecoderLayerLSTM(
    (embedding): Embedding(9419, 300)
    (lstm): LSTM(300, 256, num_layers=2, dropout=0.25)
    (fc): Linear(in_features=256, out_features=9419, bias=True)
  )
)
2020-09-08 03:16:21,274 - INFO - Number of parameters of the model: 12,692,955
2020-09-08 03:16:21,274 - INFO - Init the optimizer
2020-09-08 03:16:21,274 - INFO - Load datasets
2020-09-08 03:16:21,274 - INFO - Load train dataset
2020-09-08 03:16:23,737 - INFO - Load valid dataset
2020-09-08 03:16:23,830 - INFO - Load test dataset
2020-09-08 03:16:23,924 - INFO - Init trainer
2020-09-08 03:16:23,924 - INFO - Build data iterators
2020-09-08 03:16:23,924 - INFO - Suggest a good learning rate
2020-09-08 03:16:34,438 - INFO - Stopping early, the loss has diverged!
2020-09-08 03:16:34,504 - INFO - Learning rate search finished. See the graph with {finder_name}.plot()
2020-09-08 03:16:34,521 - INFO - Suggested LR (steepest gradient): 3.76E-04
2020-09-08 03:16:34,973 - INFO - Start training...
2020-09-08 03:19:16,577 - INFO - Predicted translation: the of of to the the . . . <eos> <eos> <eos>
2020-09-08 03:19:16,577 - INFO - ====================================================================================================
2020-09-08 03:19:16,577 - INFO - Predicted translation: a has has of has has been . . . <eos> <eos>
2020-09-08 03:19:16,577 - INFO - ====================================================================================================
2020-09-08 03:19:16,577 - INFO - Predicted translation: i , i , , the the the the the . . . . <eos> <eos> <eos> <eos> <eos>
2020-09-08 03:19:16,577 - INFO - ====================================================================================================
2020-09-08 03:19:16,579 - INFO - BLEU-4: 1.977%
2020-09-08 03:21:59,980 - INFO - Predicted translation: the is of is is is is . . . <eos> . . . <eos>
2020-09-08 03:21:59,980 - INFO - ====================================================================================================
2020-09-08 03:21:59,981 - INFO - Predicted translation: i therefore therefore to to the of and and and . . <eos>
2020-09-08 03:21:59,981 - INFO - ====================================================================================================
2020-09-08 03:21:59,981 - INFO - Predicted translation: a is of the the to . the . . . . <eos>
2020-09-08 03:21:59,981 - INFO - ====================================================================================================
2020-09-08 03:21:59,983 - INFO - BLEU-4: 4.239%
2020-09-08 03:24:45,065 - INFO - Predicted translation: we are very very to you this . . <eos>
2020-09-08 03:24:45,065 - INFO - ====================================================================================================
2020-09-08 03:24:45,065 - INFO - Predicted translation: the are are to of the of . . <eos>
2020-09-08 03:24:45,065 - INFO - ====================================================================================================
2020-09-08 03:24:45,066 - INFO - Predicted translation: you will the you and you and and the the . . <eos>
2020-09-08 03:24:45,066 - INFO - ====================================================================================================
2020-09-08 03:24:45,068 - INFO - BLEU-4: 6.391%
2020-09-08 03:27:30,542 - INFO - Predicted translation: a can be a , , has been <unk> . <eos>
2020-09-08 03:27:30,542 - INFO - ====================================================================================================
2020-09-08 03:27:30,542 - INFO - Predicted translation: however , i however not that the council will not our our . our . our council . <eos>
2020-09-08 03:27:30,542 - INFO - ====================================================================================================
2020-09-08 03:27:30,542 - INFO - Predicted translation: it is is it this , the . the <eos>
2020-09-08 03:27:30,542 - INFO - ====================================================================================================
2020-09-08 03:27:30,544 - INFO - BLEU-4: 7.713%
2020-09-08 03:30:16,010 - INFO - Predicted translation: report report report on the <unk> <unk> . .
2020-09-08 03:30:16,010 - INFO - ====================================================================================================
2020-09-08 03:30:16,010 - INFO - Predicted translation: there , , should to congratulate my , <eos>
2020-09-08 03:30:16,010 - INFO - ====================================================================================================
2020-09-08 03:30:16,010 - INFO - Predicted translation: our is our our of our strategy has our . been . <eos>
2020-09-08 03:30:16,010 - INFO - ====================================================================================================
2020-09-08 03:30:16,012 - INFO - BLEU-4: 9.217%
2020-09-08 03:33:01,380 - INFO - Predicted translation: we us be to the , the same . the . <eos>
2020-09-08 03:33:01,380 - INFO - ====================================================================================================
2020-09-08 03:33:01,380 - INFO - Predicted translation: the decisions and decisions decisions must be taken . <eos>
2020-09-08 03:33:01,380 - INFO - ====================================================================================================
2020-09-08 03:33:01,381 - INFO - Predicted translation: a regulation procedure a of . been . . <eos>
2020-09-08 03:33:01,381 - INFO - ====================================================================================================
2020-09-08 03:33:01,383 - INFO - BLEU-4: 10.163%
2020-09-08 03:35:48,018 - INFO - Predicted translation: of of was have that that this is not to <eos>
2020-09-08 03:35:48,018 - INFO - ====================================================================================================
2020-09-08 03:35:48,018 - INFO - Predicted translation: the sector of the and has <unk> of has been . the . <eos>
2020-09-08 03:35:48,018 - INFO - ====================================================================================================
2020-09-08 03:35:48,018 - INFO - Predicted translation: but is the the , the between member between member member states . <eos>
2020-09-08 03:35:48,018 - INFO - ====================================================================================================
2020-09-08 03:35:48,020 - INFO - BLEU-4: 11.226%
2020-09-08 03:38:34,039 - INFO - Predicted translation: i these will all all these the proposal directive . <eos>
2020-09-08 03:38:34,039 - INFO - ====================================================================================================
2020-09-08 03:38:34,039 - INFO - Predicted translation: a a point important policy on of is like to take the the political policy . the . . . <eos>
2020-09-08 03:38:34,039 - INFO - ====================================================================================================
2020-09-08 03:38:34,039 - INFO - Predicted translation: a a , , would to only solution solution . <eos>
2020-09-08 03:38:34,039 - INFO - ====================================================================================================
2020-09-08 03:38:34,041 - INFO - BLEU-4: 12.067%
2020-09-08 03:41:20,824 - INFO - Predicted translation: however , there will a number to have have a be a <eos>
2020-09-08 03:41:20,824 - INFO - ====================================================================================================
2020-09-08 03:41:20,824 - INFO - Predicted translation: they have not place in a a debate . <eos>
2020-09-08 03:41:20,824 - INFO - ====================================================================================================
2020-09-08 03:41:20,824 - INFO - Predicted translation: this this this is , be a political to politics political of political policy . <eos>
2020-09-08 03:41:20,824 - INFO - ====================================================================================================
2020-09-08 03:41:20,826 - INFO - BLEU-4: 12.855%
2020-09-08 03:44:07,995 - INFO - Predicted translation: i these will all all these the proposal proposal . <eos>
2020-09-08 03:44:07,995 - INFO - ====================================================================================================
2020-09-08 03:44:07,995 - INFO - Predicted translation: when is we <unk> <unk> <unk> <unk> to <unk> <unk> ? <eos>
2020-09-08 03:44:07,995 - INFO - ====================================================================================================
2020-09-08 03:44:07,995 - INFO - Predicted translation: this is mean the the resources of the funds is funds funds . <eos>
2020-09-08 03:44:07,995 - INFO - ====================================================================================================
2020-09-08 03:44:07,997 - INFO - BLEU-4: 13.369%
2020-09-08 03:46:55,132 - INFO - Predicted translation: this is be the of the other areas areas . we already . . . <eos>
2020-09-08 03:46:55,132 - INFO - ====================================================================================================
2020-09-08 03:46:55,132 - INFO - Predicted translation: i i would like to say a few here this of . <eos>
2020-09-08 03:46:55,132 - INFO - ====================================================================================================
2020-09-08 03:46:55,132 - INFO - Predicted translation: of of have not that that this is right to <eos>
2020-09-08 03:46:55,132 - INFO - ====================================================================================================
2020-09-08 03:46:55,134 - INFO - BLEU-4: 13.657%
2020-09-08 03:49:41,913 - INFO - Predicted translation: i i would like to say a few here these of . <eos>
2020-09-08 03:49:41,913 - INFO - ====================================================================================================
2020-09-08 03:49:41,913 - INFO - Predicted translation: a a than only would to only solution solution . <eos>
2020-09-08 03:49:41,913 - INFO - ====================================================================================================
2020-09-08 03:49:41,913 - INFO - Predicted translation: such can be a , a has been <unk> . <eos>
2020-09-08 03:49:41,913 - INFO - ====================================================================================================
2020-09-08 03:49:41,916 - INFO - BLEU-4: 14.011%
2020-09-08 03:52:28,922 - INFO - Predicted translation: politics policy is based to on the quality . <eos>
2020-09-08 03:52:28,922 - INFO - ====================================================================================================
2020-09-08 03:52:28,922 - INFO - Predicted translation: i also support all the <unk> of <unk> and <unk> . <eos>
2020-09-08 03:52:28,922 - INFO - ====================================================================================================
2020-09-08 03:52:28,923 - INFO - Predicted translation: the the single of the market market is also a and . transparency . <eos>
2020-09-08 03:52:28,923 - INFO - ====================================================================================================
2020-09-08 03:52:28,925 - INFO - BLEU-4: 14.386%
2020-09-08 03:55:17,033 - INFO - Predicted translation: when is we <unk> <unk> <unk> <unk> to <unk> <unk> ? <eos>
2020-09-08 03:55:17,033 - INFO - ====================================================================================================
2020-09-08 03:55:17,033 - INFO - Predicted translation: there group is should to congratulate my , <eos>
2020-09-08 03:55:17,033 - INFO - ====================================================================================================
2020-09-08 03:55:17,033 - INFO - Predicted translation: it commission can accept amendments compromise amendments amendments . the . <eos>
2020-09-08 03:55:17,033 - INFO - ====================================================================================================
2020-09-08 03:55:17,036 - INFO - BLEU-4: 14.564%
2020-09-08 03:58:04,130 - INFO - Predicted translation: what are we are the for the to improve the situation ? <eos>
2020-09-08 03:58:04,130 - INFO - ====================================================================================================
2020-09-08 03:58:04,131 - INFO - Predicted translation: i shall now for the <unk> of all the . <eos>
2020-09-08 03:58:04,131 - INFO - ====================================================================================================
2020-09-08 03:58:04,131 - INFO - Predicted translation: the the of means is the <unk> is a of good . it . <eos>
2020-09-08 03:58:04,131 - INFO - ====================================================================================================
2020-09-08 03:58:04,133 - INFO - BLEU-4: 14.523% - Last improvement since 1 epoch(s)
2020-09-08 03:58:04,599 - INFO - Training finished
