2020-09-03 10:09:16,713 - INFO - Device: cpu
2020-09-03 10:09:16,719 - INFO - Load Fields
2020-09-03 10:09:32,044 - INFO - Init the model
2020-09-03 10:09:57,431 - INFO - Device: cpu
2020-09-03 10:09:57,436 - INFO - Load Fields
2020-09-03 10:10:11,901 - INFO - Init the model
2020-09-03 10:10:12,042 - INFO - Init the optimizer
2020-09-03 10:10:12,043 - INFO - Load datasets
2020-09-03 10:10:12,043 - INFO - Load train dataset
2020-09-03 10:10:16,569 - INFO - Load valid dataset
2020-09-03 10:10:19,247 - INFO - Load test dataset
2020-09-03 10:10:20,068 - INFO - Init trainer
2020-09-03 10:10:20,076 - INFO - Build data iterators
2020-09-03 10:10:20,077 - INFO - Start training...
2020-09-03 10:15:40,003 - INFO - Device: cpu
2020-09-03 10:15:40,054 - INFO - Load Fields
2020-09-03 10:15:58,601 - INFO - Init the model
2020-09-03 10:15:58,730 - INFO - Init the optimizer
2020-09-03 10:15:58,731 - INFO - Load datasets
2020-09-03 10:15:58,731 - INFO - Load train dataset
2020-09-03 10:16:03,623 - INFO - Load valid dataset
2020-09-03 10:16:03,818 - INFO - Load test dataset
2020-09-03 10:16:04,031 - INFO - Init trainer
2020-09-03 10:16:04,031 - INFO - Build data iterators
2020-09-03 10:16:04,031 - INFO - Start training...
2020-09-05 13:06:08,875 - INFO - Device: cuda
2020-09-05 13:06:08,882 - INFO - Load Fields
2020-09-05 13:07:55,328 - INFO - Device: cuda
2020-09-05 13:07:55,330 - INFO - Load Fields
2020-09-05 13:08:13,229 - INFO - Init the model
2020-09-05 13:08:30,490 - INFO - SeqToSeqLSTM(
  (encoder): EncoderLayerLSTM(
    (embeddings): Embedding(12097, 300)
    (lstm): LSTM(300, 256, num_layers=3, dropout=0.25)
  )
  (decoder): DecoderLayerLSTM(
    (embedding): Embedding(9419, 300)
    (lstm): LSTM(300, 256, num_layers=3, dropout=0.25)
    (fc): Linear(in_features=256, out_features=9419, bias=True)
  )
)
2020-09-05 13:08:30,491 - INFO - Number of parameters of the model: 12,123,611
2020-09-05 13:08:30,491 - INFO - Init the optimizer
2020-09-05 13:08:30,491 - INFO - Load datasets
2020-09-05 13:08:30,492 - INFO - Load train dataset
2020-09-05 13:08:32,817 - INFO - Load valid dataset
2020-09-05 13:08:32,928 - INFO - Load test dataset
2020-09-05 13:08:33,031 - INFO - Init trainer
2020-09-05 13:08:33,031 - INFO - Build data iterators
2020-09-05 13:08:33,031 - INFO - Suggest a good learning rate
2020-09-05 13:08:53,231 - INFO - Stopping early, the loss has diverged!
2020-09-05 13:08:53,280 - INFO - Learning rate search finished. See the graph with {finder_name}.plot()
2020-09-05 13:08:53,311 - INFO - Suggested LR (steepest gradient): 3.76E-04
2020-09-05 13:08:53,934 - INFO - Start training...
2020-09-05 13:14:06,676 - INFO - Predicted translation: the of of the the the the . . <eos> <eos> <eos>
2020-09-05 13:14:06,676 - INFO - ====================================================================================================
2020-09-05 13:14:06,676 - INFO - Predicted translation: the is the the the the the . <eos> <eos> <eos> <eos>
2020-09-05 13:14:06,677 - INFO - ====================================================================================================
2020-09-05 13:14:06,677 - INFO - Predicted translation: i would like to to the the the the the . . <eos> <eos> <eos> <eos> <eos> <eos> <eos>
2020-09-05 13:14:06,677 - INFO - ====================================================================================================
2020-09-05 13:14:06,679 - INFO - BLEU-4: 1.305%
2020-09-05 13:19:19,245 - INFO - Predicted translation: the the is is is is is . . . . . . . <eos>
2020-09-05 13:19:19,245 - INFO - ====================================================================================================
2020-09-05 13:19:19,245 - INFO - Predicted translation: i would like to to the and the and and . . <eos>
2020-09-05 13:19:19,245 - INFO - ====================================================================================================
2020-09-05 13:19:19,245 - INFO - Predicted translation: this is is a the of of the . . . . <eos>
2020-09-05 13:19:19,245 - INFO - ====================================================================================================
2020-09-05 13:19:19,248 - INFO - BLEU-4: 2.570%
2020-09-05 13:24:32,851 - INFO - Predicted translation: we have have to to you this . . <eos>
2020-09-05 13:24:32,851 - INFO - ====================================================================================================
2020-09-05 13:24:32,851 - INFO - Predicted translation: the are the to in the the . . <eos>
2020-09-05 13:24:32,851 - INFO - ====================================================================================================
2020-09-05 13:24:32,851 - INFO - Predicted translation: you you you the and and and and the <unk> <unk> and <eos>
2020-09-05 13:24:32,851 - INFO - ====================================================================================================
2020-09-05 13:24:32,853 - INFO - BLEU-4: 4.869%
