2020-09-08 04:29:26,717 - INFO - Device: cuda
2020-09-08 04:29:26,719 - INFO - Load Fields
2020-09-08 04:29:43,026 - INFO - Init the model
2020-09-08 04:29:45,631 - INFO - SeqToSeqLuongAttentionLSTM(
  (encoder): EncoderLayerBiLSTM(
    (embeddings): Embedding(12097, 300)
    (lstm): LSTM(300, 256, num_layers=2, dropout=0.25, bidirectional=True)
  )
  (decoder): LuongDecoderLayerLSTM(
    (attention_layer): LuongAttentionLayer()
    (embedding): Embedding(9419, 300)
    (lstm): LSTM(300, 256, num_layers=2, dropout=0.25)
    (fc1): Linear(in_features=512, out_features=256, bias=True)
    (fc2): Linear(in_features=256, out_features=9419, bias=True)
  )
)
2020-09-08 04:29:45,632 - INFO - Number of parameters of the model: 12,824,283
2020-09-08 04:29:45,632 - INFO - Init the optimizer
2020-09-08 04:29:45,632 - INFO - Load datasets
2020-09-08 04:29:45,632 - INFO - Load train dataset
2020-09-08 04:29:48,107 - INFO - Load valid dataset
2020-09-08 04:29:48,203 - INFO - Load test dataset
2020-09-08 04:29:48,299 - INFO - Init trainer
2020-09-08 04:29:48,300 - INFO - Build data iterators
2020-09-08 04:29:48,300 - INFO - Suggest a good learning rate
2020-09-08 04:29:59,449 - INFO - Stopping early, the loss has diverged!
2020-09-08 04:29:59,517 - INFO - Learning rate search finished. See the graph with {finder_name}.plot()
2020-09-08 04:29:59,534 - INFO - Suggested LR (steepest gradient): 1.87E-04
2020-09-08 04:29:59,987 - INFO - Start training...
2020-09-08 04:33:19,190 - INFO - Predicted translation: the of of the the the the . . <eos> <eos> <eos>
2020-09-08 04:33:19,190 - INFO - ====================================================================================================
2020-09-08 04:33:19,191 - INFO - Predicted translation: the of a a a of . . . <eos> <eos> <eos>
2020-09-08 04:33:19,191 - INFO - ====================================================================================================
2020-09-08 04:33:19,191 - INFO - Predicted translation: i would that that that the the the the the the . . <eos> <eos> <eos> <eos> <eos> <eos>
2020-09-08 04:33:19,191 - INFO - ====================================================================================================
2020-09-08 04:33:19,193 - INFO - BLEU-4: 1.375%
2020-09-08 04:36:40,112 - INFO - Predicted translation: the the is is is is is is . . . . . . <eos>
2020-09-08 04:36:40,112 - INFO - ====================================================================================================
2020-09-08 04:36:40,112 - INFO - Predicted translation: i would like like to the the the . . . . <eos>
2020-09-08 04:36:40,112 - INFO - ====================================================================================================
2020-09-08 04:36:40,112 - INFO - Predicted translation: a a of to the of of the . . . . <eos>
2020-09-08 04:36:40,113 - INFO - ====================================================================================================
2020-09-08 04:36:40,115 - INFO - BLEU-4: 2.761%
2020-09-08 04:40:01,340 - INFO - Predicted translation: we are to to to this this this . <eos>
2020-09-08 04:40:01,340 - INFO - ====================================================================================================
2020-09-08 04:40:01,340 - INFO - Predicted translation: the are the of the the . . . <eos>
2020-09-08 04:40:01,340 - INFO - ====================================================================================================
2020-09-08 04:40:01,340 - INFO - Predicted translation: you are the the and <unk> <unk> and the the <unk> . <eos>
2020-09-08 04:40:01,340 - INFO - ====================================================================================================
2020-09-08 04:40:01,342 - INFO - BLEU-4: 4.240%
2020-09-08 04:43:22,808 - INFO - Predicted translation: a is not a , but is not <unk> . <eos>
2020-09-08 04:43:22,808 - INFO - ====================================================================================================
2020-09-08 04:43:22,808 - INFO - Predicted translation: i , i believe know the the council of be the to . the . <eos> . . <eos>
2020-09-08 04:43:22,808 - INFO - ====================================================================================================
2020-09-08 04:43:22,808 - INFO - Predicted translation: it is is it the that the to the <eos>
2020-09-08 04:43:22,808 - INFO - ====================================================================================================
2020-09-08 04:43:22,810 - INFO - BLEU-4: 5.524%
2020-09-08 04:46:42,912 - INFO - Predicted translation: the report report on the <unk> <unk> . .
2020-09-08 04:46:42,912 - INFO - ====================================================================================================
2020-09-08 04:46:42,912 - INFO - Predicted translation: there is of would to to the . <eos>
2020-09-08 04:46:42,912 - INFO - ====================================================================================================
2020-09-08 04:46:42,913 - INFO - Predicted translation: the is a a of a debate . <eos> . . . <eos>
2020-09-08 04:46:42,913 - INFO - ====================================================================================================
2020-09-08 04:46:42,915 - INFO - BLEU-4: 6.633%
2020-09-08 04:50:05,012 - INFO - Predicted translation: the must be be , to the <unk> of the . <eos>
2020-09-08 04:50:05,012 - INFO - ====================================================================================================
2020-09-08 04:50:05,013 - INFO - Predicted translation: the and and the measures must be to . <eos>
2020-09-08 04:50:05,013 - INFO - ====================================================================================================
2020-09-08 04:50:05,013 - INFO - Predicted translation: a new of the has . been been . <eos>
2020-09-08 04:50:05,013 - INFO - ====================================================================================================
2020-09-08 04:50:05,015 - INFO - BLEU-4: 7.442%
2020-09-08 04:53:27,795 - INFO - Predicted translation: <unk> , have also that that it is . . <eos>
2020-09-08 04:53:27,795 - INFO - ====================================================================================================
2020-09-08 04:53:27,795 - INFO - Predicted translation: the and and the and has been . has been . the . <eos>
2020-09-08 04:53:27,796 - INFO - ====================================================================================================
2020-09-08 04:53:27,796 - INFO - Predicted translation: but is the the , the to member of member member states . <eos>
2020-09-08 04:53:27,796 - INFO - ====================================================================================================
2020-09-08 04:53:27,798 - INFO - BLEU-4: 8.092%
2020-09-08 04:56:51,431 - INFO - Predicted translation: i these reasons will like this favour favour of on <eos>
2020-09-08 04:56:51,431 - INFO - ====================================================================================================
2020-09-08 04:56:51,431 - INFO - Predicted translation: a second point one resolution on on have be to the the a the of . the . . . <eos>
2020-09-08 04:56:51,431 - INFO - ====================================================================================================
2020-09-08 04:56:51,431 - INFO - Predicted translation: a , <unk> is is to the way way . <eos>
2020-09-08 04:56:51,431 - INFO - ====================================================================================================
2020-09-08 04:56:51,433 - INFO - BLEU-4: 8.764%
2020-09-08 05:00:14,770 - INFO - Predicted translation: however , there are a number of we have a be a <eos>
2020-09-08 05:00:14,770 - INFO - ====================================================================================================
2020-09-08 05:00:14,771 - INFO - Predicted translation: they have not longer in a and and . <eos>
2020-09-08 05:00:14,771 - INFO - ====================================================================================================
2020-09-08 05:00:14,771 - INFO - Predicted translation: this this this <unk> , be a the the the . of the . . <eos>
2020-09-08 05:00:14,771 - INFO - ====================================================================================================
2020-09-08 05:00:14,773 - INFO - BLEU-4: 9.459%
2020-09-08 05:03:38,445 - INFO - Predicted translation: i these will would support the the proposal of . <eos>
2020-09-08 05:03:38,445 - INFO - ====================================================================================================
2020-09-08 05:03:38,445 - INFO - Predicted translation: if will <unk> <unk> <unk> <unk> <unk> to <unk> <unk> and <eos>
2020-09-08 05:03:38,445 - INFO - ====================================================================================================
2020-09-08 05:03:38,445 - INFO - Predicted translation: this is is the the - of the eu . funds funds . <eos>
2020-09-08 05:03:38,445 - INFO - ====================================================================================================
2020-09-08 05:03:38,447 - INFO - BLEU-4: 10.075%
2020-09-08 05:07:02,904 - INFO - Predicted translation: this will also the the the other of . . have <unk> . . . <eos>
2020-09-08 05:07:02,904 - INFO - ====================================================================================================
2020-09-08 05:07:02,904 - INFO - Predicted translation: i i would like to say a few about this of . <eos>
2020-09-08 05:07:02,904 - INFO - ====================================================================================================
2020-09-08 05:07:02,904 - INFO - Predicted translation: <unk> the have also that very it is a in <eos>
2020-09-08 05:07:02,904 - INFO - ====================================================================================================
2020-09-08 05:07:02,906 - INFO - BLEU-4: 10.561%
2020-09-08 05:10:27,238 - INFO - Predicted translation: i i would like to say a few of this of . <eos>
2020-09-08 05:10:27,238 - INFO - ====================================================================================================
2020-09-08 05:10:27,238 - INFO - Predicted translation: a <unk> , is is to most solution solution . <eos>
2020-09-08 05:10:27,238 - INFO - ====================================================================================================
2020-09-08 05:10:27,238 - INFO - Predicted translation: a is be a , it would been <unk> . <eos>
2020-09-08 05:10:27,238 - INFO - ====================================================================================================
2020-09-08 05:10:27,240 - INFO - BLEU-4: 11.113%
2020-09-08 05:13:51,703 - INFO - Predicted translation: the policy is a on on the energy . <eos>
2020-09-08 05:13:51,703 - INFO - ====================================================================================================
2020-09-08 05:13:51,703 - INFO - Predicted translation: i also support the the <unk> of and and <unk> . <eos>
2020-09-08 05:13:51,703 - INFO - ====================================================================================================
2020-09-08 05:13:51,704 - INFO - Predicted translation: the a single of the market market will be a and . . . <eos>
2020-09-08 05:13:51,704 - INFO - ====================================================================================================
2020-09-08 05:13:51,706 - INFO - BLEU-4: 11.698%
2020-09-08 05:17:15,991 - INFO - Predicted translation: when we to <unk> <unk> <unk> <unk> to be <unk> and <eos>
2020-09-08 05:17:15,991 - INFO - ====================================================================================================
2020-09-08 05:17:15,991 - INFO - Predicted translation: there of i would to be the . <eos>
2020-09-08 05:17:15,991 - INFO - ====================================================================================================
2020-09-08 05:17:15,991 - INFO - Predicted translation: it presidency can accept this amendments amendments amendments . plenary . <eos>
2020-09-08 05:17:15,991 - INFO - ====================================================================================================
2020-09-08 05:17:15,993 - INFO - BLEU-4: 11.699%
2020-09-08 05:20:40,363 - INFO - Predicted translation: what are we take to to the to achieve this situation ? <eos>
2020-09-08 05:20:40,363 - INFO - ====================================================================================================
2020-09-08 05:20:40,363 - INFO - Predicted translation: i would now to the right of the the . <eos>
2020-09-08 05:20:40,363 - INFO - ====================================================================================================
2020-09-08 05:20:40,363 - INFO - Predicted translation: the the of is is is result is a of a . it . <eos>
2020-09-08 05:20:40,363 - INFO - ====================================================================================================
2020-09-08 05:20:40,366 - INFO - BLEU-4: 12.027%
2020-09-08 05:20:41,349 - INFO - Training finished
